<?xml version="1.0" encoding="UTF-8"?>
<!-- Generated by org.testng.reporters.JUnitXMLReporter -->
<testsuite ignored="0" hostname="David" failures="0" tests="4" name="Default test" time="47.353" errors="0" timestamp="2020-06-03T23:35:05 PDT">
  <testcase classname="com.review.SauceDemoTest" name="test" time="3.096"/>
  <testcase classname="com.review.SauceDemoTest" name="test" time="2.66"/>
  <testcase classname="com.review.SauceDemoTest" name="test" time="9.061"/>
  <testcase classname="com.review.SauceDemoTest" name="test" time="2.469"/>
</testsuite> <!-- Default test -->
