<?xml version="1.0" encoding="UTF-8"?>
<!-- Generated by org.testng.reporters.JUnitXMLReporter -->
<testsuite ignored="0" hostname="David" failures="0" tests="3" name="Default test" time="36.915" errors="0" timestamp="2020-05-30T16:28:09 PDT">
  <testcase classname="com.test.LoginTest" name="adminLogin" time="5.399"/>
  <testcase classname="com.test.LoginTest" name="emptyUsernameLogin" time="0.573"/>
  <testcase classname="com.test.LoginTest" name="invalidPasswordLogin" time="1.529"/>
</testsuite> <!-- Default test -->
