<?xml version="1.0" encoding="UTF-8"?>
<!-- Generated by org.testng.reporters.JUnitXMLReporter -->
<testsuite ignored="0" hostname="David" failures="0" tests="4" name="Test" time="53.491" errors="0" timestamp="2021-08-19T17:54:29 PDT">
  <testcase classname="com.class04.HW01" name="login" time="9.308"/>
  <testcase classname="com.class04.HW01" name="login" time="10.064"/>
  <testcase classname="com.class04.HW01" name="login" time="9.476"/>
  <testcase classname="com.class04.HW01" name="login" time="9.813"/>
</testsuite> <!-- Test -->
