<?xml version="1.0" encoding="UTF-8"?>
<!-- Generated by org.testng.reporters.JUnitXMLReporter -->
<testsuite ignored="3" hostname="David" failures="0" tests="7" name="Test class01" time="0.041" errors="0" timestamp="2020-08-18T15:27:03 PDT">
  <testcase classname="com.class01.DifferentAnnotations" name="testMethod" time="0.002"/>
  <testcase classname="com.class01.TaskTwo" name="test1" time="0.001"/>
  <testcase classname="com.class01.TaskTwo" name="test2" time="0.001"/>
  <testcase classname="com.class01.TaskTwo" name="test3" time="0.001"/>
  <testcase classname="com.class01.TestNGDemo" name="testOne" time="0.001"/>
  <testcase classname="com.class01.TestNGDemo" name="testThree" time="0.003"/>
  <testcase classname="com.class01.TestNGDemo" name="testTwo" time="0.001"/>
  <testcase classname="com.class01.TitleLogoAndLoginValidation" name="loginValidation" time="0.0">
    <ignored/>
  </testcase> <!-- loginValidation -->
  <testcase classname="com.class01.TitleLogoAndLoginValidation" name="titleValidation" time="0.0">
    <ignored/>
  </testcase> <!-- titleValidation -->
  <testcase classname="com.class01.TitleLogoAndLoginValidation" name="logoValidation" time="0.0">
    <ignored/>
  </testcase> <!-- logoValidation -->
</testsuite> <!-- Test class01 -->
