<?xml version="1.0" encoding="UTF-8"?>
<!-- Generated by org.testng.reporters.JUnitXMLReporter -->
<testsuite ignored="2" hostname="David" failures="0" tests="2" name="Test" time="21.497" errors="0" timestamp="2021-08-17T20:22:15 PDT">
  <testcase classname="com.test.AddEmployeeTest" name="addEmployeePage" time="12.401"/>
  <testcase classname="com.test.LoginTest" name="invalidPasswordLogin" time="1.121"/>
  <testcase classname="com.test.LoginTest" name="adminLogin" time="0.0">
    <ignored/>
  </testcase> <!-- adminLogin -->
  <testcase classname="com.test.LoginTest" name="emptyUsernameLogin" time="0.0">
    <ignored/>
  </testcase> <!-- emptyUsernameLogin -->
</testsuite> <!-- Test -->
