<?xml version="1.0" encoding="UTF-8"?>
<testng-results ignored="0" total="3" passed="3" failed="0" skipped="0">
  <reporter-output>
  </reporter-output>
  <suite started-at="2020-05-30T16:27:32 PDT" name="Default suite" finished-at="2020-05-30T16:28:09 PDT" duration-ms="36915">
    <groups>
    </groups>
    <test started-at="2020-05-30T16:27:32 PDT" name="Default test" finished-at="2020-05-30T16:28:09 PDT" duration-ms="36915">
      <class name="com.test.LoginTest">
        <test-method is-config="true" signature="setUp()[pri:0, instance:com.test.LoginTest@161479c6]" started-at="2020-05-30T16:27:32 PDT" name="setUp" finished-at="2020-05-30T16:27:41 PDT" duration-ms="8475" status="PASS">
          <reporter-output>
          </reporter-output>
        </test-method> <!-- setUp -->
        <test-method signature="adminLogin()[pri:0, instance:com.test.LoginTest@161479c6]" started-at="2020-05-30T16:27:41 PDT" name="adminLogin" finished-at="2020-05-30T16:27:46 PDT" duration-ms="5399" status="PASS">
          <reporter-output>
          </reporter-output>
        </test-method> <!-- adminLogin -->
        <test-method is-config="true" signature="tearDown()[pri:0, instance:com.test.LoginTest@161479c6]" started-at="2020-05-30T16:27:46 PDT" name="tearDown" finished-at="2020-05-30T16:27:47 PDT" duration-ms="1187" status="PASS">
          <reporter-output>
          </reporter-output>
        </test-method> <!-- tearDown -->
        <test-method is-config="true" signature="setUp()[pri:0, instance:com.test.LoginTest@161479c6]" started-at="2020-05-30T16:27:47 PDT" name="setUp" finished-at="2020-05-30T16:27:55 PDT" duration-ms="7498" status="PASS">
          <reporter-output>
          </reporter-output>
        </test-method> <!-- setUp -->
        <test-method signature="emptyUsernameLogin()[pri:0, instance:com.test.LoginTest@161479c6]" started-at="2020-05-30T16:27:55 PDT" name="emptyUsernameLogin" finished-at="2020-05-30T16:27:55 PDT" duration-ms="573" status="PASS">
          <reporter-output>
          </reporter-output>
        </test-method> <!-- emptyUsernameLogin -->
        <test-method is-config="true" signature="tearDown()[pri:0, instance:com.test.LoginTest@161479c6]" started-at="2020-05-30T16:27:55 PDT" name="tearDown" finished-at="2020-05-30T16:27:57 PDT" duration-ms="1772" status="PASS">
          <reporter-output>
          </reporter-output>
        </test-method> <!-- tearDown -->
        <test-method is-config="true" signature="setUp()[pri:0, instance:com.test.LoginTest@161479c6]" started-at="2020-05-30T16:27:57 PDT" name="setUp" finished-at="2020-05-30T16:28:07 PDT" duration-ms="9685" status="PASS">
          <reporter-output>
          </reporter-output>
        </test-method> <!-- setUp -->
        <test-method signature="invalidPasswordLogin()[pri:0, instance:com.test.LoginTest@161479c6]" started-at="2020-05-30T16:28:07 PDT" name="invalidPasswordLogin" finished-at="2020-05-30T16:28:08 PDT" duration-ms="1529" status="PASS">
          <reporter-output>
          </reporter-output>
        </test-method> <!-- invalidPasswordLogin -->
        <test-method is-config="true" signature="tearDown()[pri:0, instance:com.test.LoginTest@161479c6]" started-at="2020-05-30T16:28:08 PDT" name="tearDown" finished-at="2020-05-30T16:28:09 PDT" duration-ms="737" status="PASS">
          <reporter-output>
          </reporter-output>
        </test-method> <!-- tearDown -->
      </class> <!-- com.test.LoginTest -->
    </test> <!-- Default test -->
  </suite> <!-- Default suite -->
</testng-results>
