<?xml version="1.0" encoding="UTF-8"?>
<testng-results ignored="0" total="1" passed="1" failed="0" skipped="0">
  <reporter-output>
  </reporter-output>
  <suite started-at="2021-08-21T11:33:04 PDT" name="Default suite" finished-at="2021-08-21T11:33:04 PDT" duration-ms="65">
    <groups>
    </groups>
    <test started-at="2021-08-21T11:33:04 PDT" name="Default test" finished-at="2021-08-21T11:33:04 PDT" duration-ms="65">
      <class name="com.class05.Recap">
        <test-method signature="arrayRecap()[pri:0, instance:com.class05.Recap@14d3bc22]" started-at="2021-08-21T11:33:04 PDT" name="arrayRecap" finished-at="2021-08-21T11:33:04 PDT" duration-ms="15" status="PASS">
          <reporter-output>
          </reporter-output>
        </test-method> <!-- arrayRecap -->
      </class> <!-- com.class05.Recap -->
    </test> <!-- Default test -->
  </suite> <!-- Default suite -->
</testng-results>
