<?xml version="1.0" encoding="UTF-8"?>
<testng-results ignored="0" total="3" passed="3" failed="0" skipped="0">
  <reporter-output>
  </reporter-output>
  <suite started-at="2021-08-08T16:25:54 PDT" name="Default suite" finished-at="2021-08-08T16:25:54 PDT" duration-ms="82">
    <groups>
    </groups>
    <test started-at="2021-08-08T16:25:54 PDT" name="Default test" finished-at="2021-08-08T16:25:54 PDT" duration-ms="82">
      <class name="com.class01.TaskTwo">
        <test-method is-config="true" signature="beforeClass()[pri:0, instance:com.class01.TaskTwo@7a4ccb53]" started-at="2021-08-08T16:25:54 PDT" name="beforeClass" finished-at="2021-08-08T16:25:54 PDT" duration-ms="8" status="PASS">
          <reporter-output>
          </reporter-output>
        </test-method> <!-- beforeClass -->
        <test-method is-config="true" signature="beforeMethod()[pri:0, instance:com.class01.TaskTwo@7a4ccb53]" started-at="2021-08-08T16:25:54 PDT" name="beforeMethod" finished-at="2021-08-08T16:25:54 PDT" duration-ms="1" status="PASS">
          <reporter-output>
          </reporter-output>
        </test-method> <!-- beforeMethod -->
        <test-method signature="test1()[pri:0, instance:com.class01.TaskTwo@7a4ccb53]" started-at="2021-08-08T16:25:54 PDT" name="test1" finished-at="2021-08-08T16:25:54 PDT" duration-ms="9" status="PASS">
          <reporter-output>
          </reporter-output>
        </test-method> <!-- test1 -->
        <test-method is-config="true" signature="afterMethod()[pri:0, instance:com.class01.TaskTwo@7a4ccb53]" started-at="2021-08-08T16:25:54 PDT" name="afterMethod" finished-at="2021-08-08T16:25:54 PDT" duration-ms="0" status="PASS">
          <reporter-output>
          </reporter-output>
        </test-method> <!-- afterMethod -->
        <test-method signature="test2()[pri:0, instance:com.class01.TaskTwo@7a4ccb53]" started-at="2021-08-08T16:25:54 PDT" name="test2" finished-at="2021-08-08T16:25:54 PDT" duration-ms="2" status="PASS">
          <reporter-output>
          </reporter-output>
        </test-method> <!-- test2 -->
        <test-method is-config="true" signature="beforeMethod()[pri:0, instance:com.class01.TaskTwo@7a4ccb53]" started-at="2021-08-08T16:25:54 PDT" name="beforeMethod" finished-at="2021-08-08T16:25:54 PDT" duration-ms="0" status="PASS">
          <reporter-output>
          </reporter-output>
        </test-method> <!-- beforeMethod -->
        <test-method is-config="true" signature="afterMethod()[pri:0, instance:com.class01.TaskTwo@7a4ccb53]" started-at="2021-08-08T16:25:54 PDT" name="afterMethod" finished-at="2021-08-08T16:25:54 PDT" duration-ms="0" status="PASS">
          <reporter-output>
          </reporter-output>
        </test-method> <!-- afterMethod -->
        <test-method signature="test3()[pri:0, instance:com.class01.TaskTwo@7a4ccb53]" started-at="2021-08-08T16:25:54 PDT" name="test3" finished-at="2021-08-08T16:25:54 PDT" duration-ms="2" status="PASS">
          <reporter-output>
          </reporter-output>
        </test-method> <!-- test3 -->
        <test-method is-config="true" signature="beforeMethod()[pri:0, instance:com.class01.TaskTwo@7a4ccb53]" started-at="2021-08-08T16:25:54 PDT" name="beforeMethod" finished-at="2021-08-08T16:25:54 PDT" duration-ms="0" status="PASS">
          <reporter-output>
          </reporter-output>
        </test-method> <!-- beforeMethod -->
        <test-method is-config="true" signature="afterMethod()[pri:0, instance:com.class01.TaskTwo@7a4ccb53]" started-at="2021-08-08T16:25:54 PDT" name="afterMethod" finished-at="2021-08-08T16:25:54 PDT" duration-ms="1" status="PASS">
          <reporter-output>
          </reporter-output>
        </test-method> <!-- afterMethod -->
        <test-method is-config="true" signature="afterClass()[pri:0, instance:com.class01.TaskTwo@7a4ccb53]" started-at="2021-08-08T16:25:54 PDT" name="afterClass" finished-at="2021-08-08T16:25:54 PDT" duration-ms="1" status="PASS">
          <reporter-output>
          </reporter-output>
        </test-method> <!-- afterClass -->
      </class> <!-- com.class01.TaskTwo -->
    </test> <!-- Default test -->
  </suite> <!-- Default suite -->
</testng-results>
