<?xml version="1.0" encoding="UTF-8"?>
<testng-results ignored="0" total="2" passed="2" failed="0" skipped="0">
  <reporter-output>
  </reporter-output>
  <suite started-at="2020-05-29T00:07:49 PDT" name="Default suite" finished-at="2020-05-29T00:08:14 PDT" duration-ms="24981">
    <groups>
    </groups>
    <test started-at="2020-05-29T00:07:49 PDT" name="Default test" finished-at="2020-05-29T00:08:14 PDT" duration-ms="24981">
      <class name="com.testNG.class02.HW">
        <test-method is-config="true" signature="openBrowserAndNavigate()[pri:0, instance:com.testNG.class02.HW@15b204a1]" started-at="2020-05-29T00:07:49 PDT" name="openBrowserAndNavigate" finished-at="2020-05-29T00:07:56 PDT" duration-ms="6285" status="PASS">
          <reporter-output>
          </reporter-output>
        </test-method> <!-- openBrowserAndNavigate -->
        <test-method signature="invalidLogin()[pri:0, instance:com.testNG.class02.HW@15b204a1]" started-at="2020-05-29T00:07:56 PDT" name="invalidLogin" finished-at="2020-05-29T00:07:56 PDT" duration-ms="788" status="PASS">
          <reporter-output>
          </reporter-output>
        </test-method> <!-- invalidLogin -->
        <test-method is-config="true" signature="closeBrowser()[pri:0, instance:com.testNG.class02.HW@15b204a1]" started-at="2020-05-29T00:07:56 PDT" name="closeBrowser" finished-at="2020-05-29T00:07:57 PDT" duration-ms="863" status="PASS">
          <reporter-output>
          </reporter-output>
        </test-method> <!-- closeBrowser -->
        <test-method is-config="true" signature="openBrowserAndNavigate()[pri:0, instance:com.testNG.class02.HW@15b204a1]" started-at="2020-05-29T00:07:57 PDT" name="openBrowserAndNavigate" finished-at="2020-05-29T00:08:07 PDT" duration-ms="9956" status="PASS">
          <reporter-output>
          </reporter-output>
        </test-method> <!-- openBrowserAndNavigate -->
        <test-method signature="validLogin()[pri:0, instance:com.testNG.class02.HW@15b204a1]" started-at="2020-05-29T00:08:07 PDT" name="validLogin" finished-at="2020-05-29T00:08:13 PDT" duration-ms="6022" status="PASS">
          <reporter-output>
          </reporter-output>
        </test-method> <!-- validLogin -->
        <test-method is-config="true" signature="closeBrowser()[pri:0, instance:com.testNG.class02.HW@15b204a1]" started-at="2020-05-29T00:08:13 PDT" name="closeBrowser" finished-at="2020-05-29T00:08:14 PDT" duration-ms="997" status="PASS">
          <reporter-output>
          </reporter-output>
        </test-method> <!-- closeBrowser -->
      </class> <!-- com.testNG.class02.HW -->
    </test> <!-- Default test -->
  </suite> <!-- Default suite -->
</testng-results>
