<?xml version="1.0" encoding="UTF-8"?>
<testng-results ignored="0" total="1" passed="1" failed="0" skipped="0">
  <reporter-output>
  </reporter-output>
  <suite started-at="2020-06-04T00:14:35 PDT" name="Suite Parameters" finished-at="2020-06-04T00:14:46 PDT" duration-ms="10336">
    <groups>
    </groups>
    <test started-at="2020-06-04T00:14:35 PDT" name="Test Parameters" finished-at="2020-06-04T00:14:46 PDT" duration-ms="10336">
      <class name="com.test.sauceParameterDemo">
        <test-method is-config="true" signature="setUp()[pri:0, instance:com.test.sauceParameterDemo@96def03]" started-at="2020-06-04T00:14:35 PDT" name="setUp" finished-at="2020-06-04T00:14:42 PDT" duration-ms="7117" status="PASS">
          <reporter-output>
          </reporter-output>
        </test-method> <!-- setUp -->
        <test-method signature="login(java.lang.String, java.lang.String)[pri:0, instance:com.test.sauceParameterDemo@96def03]" started-at="2020-06-04T00:14:42 PDT" name="login" finished-at="2020-06-04T00:14:45 PDT" duration-ms="2434" status="PASS">
          <params>
            <param index="0">
              <value>
                <![CDATA[stadard_user]]>
              </value>
            </param>
            <param index="1">
              <value>
                <![CDATA[secret_sauce]]>
              </value>
            </param>
          </params>
          <reporter-output>
          </reporter-output>
        </test-method> <!-- login -->
        <test-method is-config="true" signature="tearDown()[pri:0, instance:com.test.sauceParameterDemo@96def03]" started-at="2020-06-04T00:14:45 PDT" name="tearDown" finished-at="2020-06-04T00:14:46 PDT" duration-ms="732" status="PASS">
          <reporter-output>
          </reporter-output>
        </test-method> <!-- tearDown -->
      </class> <!-- com.test.sauceParameterDemo -->
    </test> <!-- Test Parameters -->
  </suite> <!-- Suite Parameters -->
</testng-results>
