<?xml version="1.0" encoding="UTF-8"?>
<testng-results ignored="0" total="1" passed="1" failed="0" skipped="0">
  <reporter-output>
  </reporter-output>
  <suite started-at="2021-08-18T13:07:02 PDT" name="Default suite" finished-at="2021-08-18T13:07:13 PDT" duration-ms="10864">
    <groups>
    </groups>
    <test started-at="2021-08-18T13:07:02 PDT" name="Default test" finished-at="2021-08-18T13:07:13 PDT" duration-ms="10864">
      <class name="com.test.HW02">
        <test-method is-config="true" signature="setUp()[pri:0, instance:com.test.HW02@2b6faea6]" started-at="2021-08-18T13:07:02 PDT" name="setUp" finished-at="2021-08-18T13:07:07 PDT" duration-ms="4572" status="PASS">
          <reporter-output>
          </reporter-output>
        </test-method> <!-- setUp -->
        <test-method signature="requiredCheck()[pri:0, instance:com.test.HW02@2b6faea6]" started-at="2021-08-18T13:07:07 PDT" name="requiredCheck" finished-at="2021-08-18T13:07:12 PDT" duration-ms="5524" status="PASS">
          <reporter-output>
          </reporter-output>
        </test-method> <!-- requiredCheck -->
        <test-method is-config="true" signature="tearDown()[pri:0, instance:com.test.HW02@2b6faea6]" started-at="2021-08-18T13:07:12 PDT" name="tearDown" finished-at="2021-08-18T13:07:13 PDT" duration-ms="714" status="PASS">
          <reporter-output>
          </reporter-output>
        </test-method> <!-- tearDown -->
      </class> <!-- com.test.HW02 -->
    </test> <!-- Default test -->
  </suite> <!-- Default suite -->
</testng-results>
